{"C:\\xampp\\htdocs\\DAW\\Segundo\\Desarrollo_cliente\\Actividad_3\\buggy_code\\app\\data\\dataset_utils.js": {"path":"C:\\xampp\\htdocs\\DAW\\Segundo\\Desarrollo_cliente\\Actividad_3\\buggy_code\\app\\data\\dataset_utils.js","statementMap":{"0":{"start":{"line":4,"column":16},"end":{"line":74,"column":1}},"1":{"start":{"line":82,"column":4},"end":{"line":89,"column":5}},"2":{"start":{"line":88,"column":8},"end":{"line":88,"column":20}},"3":{"start":{"line":90,"column":4},"end":{"line":90,"column":17}},"4":{"start":{"line":100,"column":4},"end":{"line":108,"column":5}},"5":{"start":{"line":107,"column":8},"end":{"line":107,"column":20}},"6":{"start":{"line":109,"column":4},"end":{"line":109,"column":17}},"7":{"start":{"line":118,"column":4},"end":{"line":132,"column":5}},"8":{"start":{"line":131,"column":8},"end":{"line":131,"column":20}},"9":{"start":{"line":133,"column":4},"end":{"line":133,"column":17}},"10":{"start":{"line":142,"column":4},"end":{"line":146,"column":5}},"11":{"start":{"line":143,"column":8},"end":{"line":143,"column":20}},"12":{"start":{"line":144,"column":11},"end":{"line":146,"column":5}},"13":{"start":{"line":145,"column":8},"end":{"line":145,"column":20}},"14":{"start":{"line":147,"column":4},"end":{"line":147,"column":17}},"15":{"start":{"line":150,"column":0},"end":{"line":150,"column":37}},"16":{"start":{"line":151,"column":0},"end":{"line":151,"column":36}},"17":{"start":{"line":152,"column":0},"end":{"line":152,"column":24}},"18":{"start":{"line":153,"column":0},"end":{"line":153,"column":30}},"19":{"start":{"line":154,"column":0},"end":{"line":154,"column":36}}},"fnMap":{"0":{"name":"isForward","decl":{"start":{"line":81,"column":9},"end":{"line":81,"column":18}},"loc":{"start":{"line":81,"column":38},"end":{"line":92,"column":1}},"line":81},"1":{"name":"isBack","decl":{"start":{"line":99,"column":9},"end":{"line":99,"column":15}},"loc":{"start":{"line":99,"column":36},"end":{"line":110,"column":1}},"line":99},"2":{"name":"isMidfielder","decl":{"start":{"line":117,"column":9},"end":{"line":117,"column":21}},"loc":{"start":{"line":117,"column":42},"end":{"line":134,"column":1}},"line":117},"3":{"name":"isGoalKeeper","decl":{"start":{"line":141,"column":9},"end":{"line":141,"column":21}},"loc":{"start":{"line":141,"column":42},"end":{"line":148,"column":1}},"line":141}},"branchMap":{"0":{"loc":{"start":{"line":82,"column":4},"end":{"line":89,"column":5}},"type":"if","locations":[{"start":{"line":82,"column":4},"end":{"line":89,"column":5}},{"start":{"line":82,"column":4},"end":{"line":89,"column":5}}],"line":82},"1":{"loc":{"start":{"line":82,"column":7},"end":{"line":87,"column":50}},"type":"binary-expr","locations":[{"start":{"line":82,"column":7},"end":{"line":82,"column":55}},{"start":{"line":83,"column":4},"end":{"line":83,"column":50}},{"start":{"line":84,"column":4},"end":{"line":84,"column":51}},{"start":{"line":85,"column":4},"end":{"line":85,"column":45}},{"start":{"line":86,"column":4},"end":{"line":86,"column":51}},{"start":{"line":87,"column":4},"end":{"line":87,"column":50}}],"line":82},"2":{"loc":{"start":{"line":100,"column":4},"end":{"line":108,"column":5}},"type":"if","locations":[{"start":{"line":100,"column":4},"end":{"line":108,"column":5}},{"start":{"line":100,"column":4},"end":{"line":108,"column":5}}],"line":100},"3":{"loc":{"start":{"line":100,"column":7},"end":{"line":106,"column":54}},"type":"binary-expr","locations":[{"start":{"line":100,"column":7},"end":{"line":100,"column":53}},{"start":{"line":101,"column":4},"end":{"line":101,"column":48}},{"start":{"line":102,"column":4},"end":{"line":102,"column":55}},{"start":{"line":103,"column":4},"end":{"line":103,"column":53}},{"start":{"line":104,"column":4},"end":{"line":104,"column":49}},{"start":{"line":105,"column":4},"end":{"line":105,"column":56}},{"start":{"line":106,"column":4},"end":{"line":106,"column":54}}],"line":100},"4":{"loc":{"start":{"line":118,"column":4},"end":{"line":132,"column":5}},"type":"if","locations":[{"start":{"line":118,"column":4},"end":{"line":132,"column":5}},{"start":{"line":118,"column":4},"end":{"line":132,"column":5}}],"line":118},"5":{"loc":{"start":{"line":118,"column":7},"end":{"line":130,"column":48}},"type":"binary-expr","locations":[{"start":{"line":118,"column":7},"end":{"line":118,"column":69}},{"start":{"line":119,"column":4},"end":{"line":119,"column":66}},{"start":{"line":120,"column":4},"end":{"line":120,"column":56}},{"start":{"line":121,"column":4},"end":{"line":121,"column":64}},{"start":{"line":122,"column":4},"end":{"line":122,"column":61}},{"start":{"line":123,"column":4},"end":{"line":123,"column":64}},{"start":{"line":124,"column":4},"end":{"line":124,"column":54}},{"start":{"line":125,"column":4},"end":{"line":125,"column":65}},{"start":{"line":126,"column":4},"end":{"line":126,"column":62}},{"start":{"line":127,"column":4},"end":{"line":127,"column":65}},{"start":{"line":128,"column":4},"end":{"line":128,"column":55}},{"start":{"line":129,"column":4},"end":{"line":129,"column":49}},{"start":{"line":130,"column":4},"end":{"line":130,"column":48}}],"line":118},"6":{"loc":{"start":{"line":142,"column":4},"end":{"line":146,"column":5}},"type":"if","locations":[{"start":{"line":142,"column":4},"end":{"line":146,"column":5}},{"start":{"line":142,"column":4},"end":{"line":146,"column":5}}],"line":142},"7":{"loc":{"start":{"line":144,"column":11},"end":{"line":146,"column":5}},"type":"if","locations":[{"start":{"line":144,"column":11},"end":{"line":146,"column":5}},{"start":{"line":144,"column":11},"end":{"line":146,"column":5}}],"line":144},"8":{"loc":{"start":{"line":144,"column":14},"end":{"line":144,"column":115}},"type":"binary-expr","locations":[{"start":{"line":144,"column":14},"end":{"line":144,"column":48}},{"start":{"line":144,"column":52},"end":{"line":144,"column":80}},{"start":{"line":144,"column":84},"end":{"line":144,"column":115}}],"line":144}},"s":{"0":1,"1":3,"2":1,"3":2,"4":3,"5":0,"6":3,"7":6,"8":6,"9":0,"10":3,"11":0,"12":3,"13":0,"14":3,"15":1,"16":1,"17":1,"18":1,"19":1},"f":{"0":3,"1":3,"2":6,"3":3},"b":{"0":[1,2],"1":[3,3,3,3,2,2],"2":[0,3],"3":[3,3,3,3,3,3,3],"4":[6,0],"5":[6,6,6,6,6,6,6,6,6,6,6,6,4],"6":[0,3],"7":[0,3],"8":[3,0,0]},"_coverageSchema":"332fd63041d2c1bcb487cc26dd0d5f7d97098a6c","hash":"4411c3a6189bf49ea2c865ae4970eb9dd58aa007"}
,"C:\\xampp\\htdocs\\DAW\\Segundo\\Desarrollo_cliente\\Actividad_3\\buggy_code\\app\\data\\json_reader.js": {"path":"C:\\xampp\\htdocs\\DAW\\Segundo\\Desarrollo_cliente\\Actividad_3\\buggy_code\\app\\data\\json_reader.js","statementMap":{"0":{"start":{"line":1,"column":11},"end":{"line":1,"column":24}},"1":{"start":{"line":2,"column":22},"end":{"line":2,"column":65}},"2":{"start":{"line":3,"column":19},"end":{"line":3,"column":44}},"3":{"start":{"line":4,"column":16},"end":{"line":4,"column":42}},"4":{"start":{"line":12,"column":21},"end":{"line":12,"column":23}},"5":{"start":{"line":13,"column":4},"end":{"line":17,"column":5}},"6":{"start":{"line":14,"column":17},"end":{"line":14,"column":48}},"7":{"start":{"line":15,"column":24},"end":{"line":15,"column":63}},"8":{"start":{"line":16,"column":8},"end":{"line":16,"column":35}},"9":{"start":{"line":18,"column":4},"end":{"line":18,"column":22}},"10":{"start":{"line":28,"column":21},"end":{"line":28,"column":30}},"11":{"start":{"line":29,"column":4},"end":{"line":36,"column":5}},"12":{"start":{"line":30,"column":8},"end":{"line":30,"column":42}},"13":{"start":{"line":32,"column":8},"end":{"line":35,"column":53}},"14":{"start":{"line":33,"column":12},"end":{"line":33,"column":62}},"15":{"start":{"line":35,"column":13},"end":{"line":35,"column":53}},"16":{"start":{"line":37,"column":4},"end":{"line":37,"column":22}},"17":{"start":{"line":40,"column":0},"end":{"line":40,"column":36}},"18":{"start":{"line":41,"column":0},"end":{"line":41,"column":55}}},"fnMap":{"0":{"name":"extractDataFromRawJSON","decl":{"start":{"line":11,"column":9},"end":{"line":11,"column":31}},"loc":{"start":{"line":11,"column":43},"end":{"line":19,"column":1}},"line":11},"1":{"name":"readJSONData","decl":{"start":{"line":27,"column":9},"end":{"line":27,"column":21}},"loc":{"start":{"line":27,"column":31},"end":{"line":38,"column":1}},"line":27}},"branchMap":{"0":{"loc":{"start":{"line":32,"column":8},"end":{"line":35,"column":53}},"type":"if","locations":[{"start":{"line":32,"column":8},"end":{"line":35,"column":53}},{"start":{"line":32,"column":8},"end":{"line":35,"column":53}}],"line":32}},"s":{"0":1,"1":1,"2":1,"3":1,"4":1,"5":1,"6":3,"7":3,"8":3,"9":1,"10":4,"11":4,"12":4,"13":2,"14":1,"15":1,"16":2,"17":1,"18":1},"f":{"0":1,"1":4},"b":{"0":[1,1]},"_coverageSchema":"332fd63041d2c1bcb487cc26dd0d5f7d97098a6c","hash":"62242f81e7282e99df68e60af7e33bafa6d2f22e"}
,"C:\\xampp\\htdocs\\DAW\\Segundo\\Desarrollo_cliente\\Actividad_3\\buggy_code\\app\\data\\player.js": {"path":"C:\\xampp\\htdocs\\DAW\\Segundo\\Desarrollo_cliente\\Actividad_3\\buggy_code\\app\\data\\player.js","statementMap":{"0":{"start":{"line":1,"column":22},"end":{"line":1,"column":48}},"1":{"start":{"line":2,"column":16},"end":{"line":2,"column":46}},"2":{"start":{"line":3,"column":21},"end":{"line":3,"column":47}},"3":{"start":{"line":4,"column":21},"end":{"line":4,"column":47}},"4":{"start":{"line":5,"column":18},"end":{"line":5,"column":41}},"5":{"start":{"line":6,"column":15},"end":{"line":6,"column":35}},"6":{"start":{"line":17,"column":8},"end":{"line":17,"column":27}},"7":{"start":{"line":27,"column":21},"end":{"line":27,"column":41}},"8":{"start":{"line":28,"column":8},"end":{"line":28,"column":52}},"9":{"start":{"line":29,"column":8},"end":{"line":29,"column":49}},"10":{"start":{"line":30,"column":8},"end":{"line":30,"column":55}},"11":{"start":{"line":31,"column":8},"end":{"line":31,"column":47}},"12":{"start":{"line":32,"column":8},"end":{"line":32,"column":49}},"13":{"start":{"line":33,"column":8},"end":{"line":33,"column":63}},"14":{"start":{"line":34,"column":20},"end":{"line":34,"column":54}},"15":{"start":{"line":35,"column":21},"end":{"line":35,"column":63}},"16":{"start":{"line":36,"column":8},"end":{"line":36,"column":48}},"17":{"start":{"line":37,"column":8},"end":{"line":41,"column":9}},"18":{"start":{"line":38,"column":12},"end":{"line":38,"column":52}},"19":{"start":{"line":40,"column":12},"end":{"line":40,"column":48}},"20":{"start":{"line":42,"column":33},"end":{"line":42,"column":94}},"21":{"start":{"line":43,"column":8},"end":{"line":43,"column":64}},"22":{"start":{"line":44,"column":8},"end":{"line":44,"column":52}},"23":{"start":{"line":45,"column":8},"end":{"line":45,"column":58}},"24":{"start":{"line":46,"column":8},"end":{"line":46,"column":64}},"25":{"start":{"line":47,"column":8},"end":{"line":47,"column":22}},"26":{"start":{"line":57,"column":8},"end":{"line":57,"column":34}},"27":{"start":{"line":65,"column":8},"end":{"line":65,"column":31}},"28":{"start":{"line":73,"column":8},"end":{"line":73,"column":28}},"29":{"start":{"line":81,"column":8},"end":{"line":81,"column":34}},"30":{"start":{"line":89,"column":8},"end":{"line":89,"column":26}},"31":{"start":{"line":97,"column":8},"end":{"line":97,"column":28}},"32":{"start":{"line":105,"column":8},"end":{"line":105,"column":25}},"33":{"start":{"line":113,"column":8},"end":{"line":113,"column":24}},"34":{"start":{"line":121,"column":8},"end":{"line":121,"column":25}},"35":{"start":{"line":129,"column":8},"end":{"line":129,"column":23}},"36":{"start":{"line":137,"column":8},"end":{"line":137,"column":28}},"37":{"start":{"line":146,"column":8},"end":{"line":148,"column":9}},"38":{"start":{"line":147,"column":12},"end":{"line":147,"column":24}},"39":{"start":{"line":149,"column":8},"end":{"line":149,"column":21}},"40":{"start":{"line":153,"column":0},"end":{"line":153,"column":24}}},"fnMap":{"0":{"name":"(anonymous_0)","decl":{"start":{"line":16,"column":4},"end":{"line":16,"column":5}},"loc":{"start":{"line":16,"column":25},"end":{"line":18,"column":5}},"line":16},"1":{"name":"(anonymous_1)","decl":{"start":{"line":26,"column":4},"end":{"line":26,"column":5}},"loc":{"start":{"line":26,"column":53},"end":{"line":48,"column":5}},"line":26},"2":{"name":"(anonymous_2)","decl":{"start":{"line":56,"column":4},"end":{"line":56,"column":5}},"loc":{"start":{"line":56,"column":18},"end":{"line":58,"column":5}},"line":56},"3":{"name":"(anonymous_3)","decl":{"start":{"line":64,"column":4},"end":{"line":64,"column":5}},"loc":{"start":{"line":64,"column":15},"end":{"line":66,"column":5}},"line":64},"4":{"name":"(anonymous_4)","decl":{"start":{"line":72,"column":4},"end":{"line":72,"column":5}},"loc":{"start":{"line":72,"column":12},"end":{"line":74,"column":5}},"line":72},"5":{"name":"(anonymous_5)","decl":{"start":{"line":80,"column":4},"end":{"line":80,"column":5}},"loc":{"start":{"line":80,"column":18},"end":{"line":82,"column":5}},"line":80},"6":{"name":"(anonymous_6)","decl":{"start":{"line":88,"column":4},"end":{"line":88,"column":5}},"loc":{"start":{"line":88,"column":14},"end":{"line":90,"column":5}},"line":88},"7":{"name":"(anonymous_7)","decl":{"start":{"line":96,"column":4},"end":{"line":96,"column":5}},"loc":{"start":{"line":96,"column":20},"end":{"line":98,"column":5}},"line":96},"8":{"name":"(anonymous_8)","decl":{"start":{"line":104,"column":4},"end":{"line":104,"column":5}},"loc":{"start":{"line":104,"column":13},"end":{"line":106,"column":5}},"line":104},"9":{"name":"(anonymous_9)","decl":{"start":{"line":112,"column":4},"end":{"line":112,"column":5}},"loc":{"start":{"line":112,"column":12},"end":{"line":114,"column":5}},"line":112},"10":{"name":"(anonymous_10)","decl":{"start":{"line":120,"column":4},"end":{"line":120,"column":5}},"loc":{"start":{"line":120,"column":13},"end":{"line":122,"column":5}},"line":120},"11":{"name":"(anonymous_11)","decl":{"start":{"line":128,"column":4},"end":{"line":128,"column":5}},"loc":{"start":{"line":128,"column":11},"end":{"line":130,"column":5}},"line":128},"12":{"name":"(anonymous_12)","decl":{"start":{"line":136,"column":4},"end":{"line":136,"column":5}},"loc":{"start":{"line":136,"column":16},"end":{"line":138,"column":5}},"line":136},"13":{"name":"(anonymous_13)","decl":{"start":{"line":145,"column":4},"end":{"line":145,"column":5}},"loc":{"start":{"line":145,"column":15},"end":{"line":150,"column":5}},"line":145}},"branchMap":{"0":{"loc":{"start":{"line":37,"column":8},"end":{"line":41,"column":9}},"type":"if","locations":[{"start":{"line":37,"column":8},"end":{"line":41,"column":9}},{"start":{"line":37,"column":8},"end":{"line":41,"column":9}}],"line":37},"1":{"loc":{"start":{"line":146,"column":8},"end":{"line":148,"column":9}},"type":"if","locations":[{"start":{"line":146,"column":8},"end":{"line":148,"column":9}},{"start":{"line":146,"column":8},"end":{"line":148,"column":9}}],"line":146},"2":{"loc":{"start":{"line":146,"column":11},"end":{"line":146,"column":69}},"type":"binary-expr","locations":[{"start":{"line":146,"column":11},"end":{"line":146,"column":38}},{"start":{"line":146,"column":42},"end":{"line":146,"column":69}}],"line":146}},"s":{"0":1,"1":1,"2":1,"3":1,"4":1,"5":1,"6":6,"7":3,"8":3,"9":3,"10":3,"11":3,"12":3,"13":3,"14":3,"15":3,"16":3,"17":3,"18":3,"19":0,"20":3,"21":3,"22":3,"23":3,"24":3,"25":3,"26":0,"27":1,"28":1,"29":1,"30":4,"31":1,"32":1,"33":1,"34":1,"35":10,"36":1,"37":5,"38":3,"39":2,"40":1},"f":{"0":6,"1":3,"2":0,"3":1,"4":1,"5":1,"6":4,"7":1,"8":1,"9":1,"10":1,"11":10,"12":1,"13":5},"b":{"0":[3,0],"1":[3,2],"2":[5,5]},"_coverageSchema":"332fd63041d2c1bcb487cc26dd0d5f7d97098a6c","hash":"6447fe3c21215e6ffa3e98761da079b19232e57f"}
,"C:\\xampp\\htdocs\\DAW\\Segundo\\Desarrollo_cliente\\Actividad_3\\buggy_code\\app\\data\\team.js": {"path":"C:\\xampp\\htdocs\\DAW\\Segundo\\Desarrollo_cliente\\Actividad_3\\buggy_code\\app\\data\\team.js","statementMap":{"0":{"start":{"line":1,"column":16},"end":{"line":1,"column":42}},"1":{"start":{"line":12,"column":8},"end":{"line":12,"column":33}},"2":{"start":{"line":13,"column":8},"end":{"line":13,"column":39}},"3":{"start":{"line":14,"column":8},"end":{"line":14,"column":27}},"4":{"start":{"line":22,"column":8},"end":{"line":22,"column":29}},"5":{"start":{"line":30,"column":8},"end":{"line":30,"column":30}},"6":{"start":{"line":38,"column":8},"end":{"line":38,"column":40}},"7":{"start":{"line":47,"column":8},"end":{"line":51,"column":9}},"8":{"start":{"line":48,"column":12},"end":{"line":50,"column":13}},"9":{"start":{"line":49,"column":16},"end":{"line":49,"column":28}},"10":{"start":{"line":52,"column":8},"end":{"line":52,"column":21}},"11":{"start":{"line":60,"column":8},"end":{"line":60,"column":39}},"12":{"start":{"line":69,"column":8},"end":{"line":73,"column":9}},"13":{"start":{"line":70,"column":12},"end":{"line":70,"column":42}},"14":{"start":{"line":71,"column":12},"end":{"line":71,"column":46}},"15":{"start":{"line":72,"column":12},"end":{"line":72,"column":24}},"16":{"start":{"line":74,"column":8},"end":{"line":74,"column":21}},"17":{"start":{"line":82,"column":8},"end":{"line":84,"column":9}},"18":{"start":{"line":83,"column":12},"end":{"line":83,"column":35}},"19":{"start":{"line":92,"column":8},"end":{"line":92,"column":17}},"20":{"start":{"line":100,"column":31},"end":{"line":100,"column":96}},"21":{"start":{"line":101,"column":26},"end":{"line":101,"column":65}},"22":{"start":{"line":102,"column":8},"end":{"line":102,"column":45}},"23":{"start":{"line":114,"column":33},"end":{"line":114,"column":50}},"24":{"start":{"line":116,"column":8},"end":{"line":119,"column":9}},"25":{"start":{"line":117,"column":12},"end":{"line":118,"column":53}},"26":{"start":{"line":121,"column":8},"end":{"line":121,"column":78}},"27":{"start":{"line":121,"column":61},"end":{"line":121,"column":75}},"28":{"start":{"line":123,"column":8},"end":{"line":125,"column":9}},"29":{"start":{"line":123,"column":41},"end":{"line":123,"column":49}},"30":{"start":{"line":124,"column":12},"end":{"line":124,"column":74}},"31":{"start":{"line":127,"column":8},"end":{"line":127,"column":34}},"32":{"start":{"line":138,"column":8},"end":{"line":140,"column":9}},"33":{"start":{"line":139,"column":12},"end":{"line":139,"column":63}},"34":{"start":{"line":141,"column":30},"end":{"line":141,"column":41}},"35":{"start":{"line":142,"column":30},"end":{"line":142,"column":49}},"36":{"start":{"line":144,"column":8},"end":{"line":148,"column":9}},"37":{"start":{"line":145,"column":30},"end":{"line":145,"column":78}},"38":{"start":{"line":146,"column":25},"end":{"line":146,"column":53}},"39":{"start":{"line":147,"column":12},"end":{"line":147,"column":41}},"40":{"start":{"line":149,"column":8},"end":{"line":149,"column":31}},"41":{"start":{"line":163,"column":33},"end":{"line":163,"column":58}},"42":{"start":{"line":164,"column":28},"end":{"line":164,"column":59}},"43":{"start":{"line":165,"column":32},"end":{"line":165,"column":63}},"44":{"start":{"line":166,"column":31},"end":{"line":166,"column":62}},"45":{"start":{"line":167,"column":33},"end":{"line":167,"column":89}},"46":{"start":{"line":168,"column":8},"end":{"line":170,"column":9}},"47":{"start":{"line":169,"column":12},"end":{"line":169,"column":65}},"48":{"start":{"line":171,"column":8},"end":{"line":173,"column":9}},"49":{"start":{"line":172,"column":12},"end":{"line":172,"column":61}},"50":{"start":{"line":174,"column":8},"end":{"line":176,"column":9}},"51":{"start":{"line":175,"column":12},"end":{"line":175,"column":63}},"52":{"start":{"line":177,"column":8},"end":{"line":179,"column":9}},"53":{"start":{"line":178,"column":12},"end":{"line":178,"column":65}},"54":{"start":{"line":183,"column":8},"end":{"line":208,"column":9}},"55":{"start":{"line":184,"column":26},"end":{"line":184,"column":44}},"56":{"start":{"line":186,"column":35},"end":{"line":186,"column":44}},"57":{"start":{"line":188,"column":12},"end":{"line":205,"column":13}},"58":{"start":{"line":189,"column":25},"end":{"line":189,"column":46}},"59":{"start":{"line":190,"column":25},"end":{"line":190,"column":40}},"60":{"start":{"line":191,"column":25},"end":{"line":191,"column":46}},"61":{"start":{"line":192,"column":25},"end":{"line":192,"column":43}},"62":{"start":{"line":194,"column":40},"end":{"line":194,"column":65}},"63":{"start":{"line":196,"column":46},"end":{"line":196,"column":71}},"64":{"start":{"line":198,"column":34},"end":{"line":198,"column":79}},"65":{"start":{"line":200,"column":38},"end":{"line":200,"column":97}},"66":{"start":{"line":202,"column":16},"end":{"line":202,"column":88}},"67":{"start":{"line":202,"column":50},"end":{"line":202,"column":86}},"68":{"start":{"line":204,"column":16},"end":{"line":204,"column":52}},"69":{"start":{"line":214,"column":0},"end":{"line":214,"column":20}}},"fnMap":{"0":{"name":"(anonymous_0)","decl":{"start":{"line":11,"column":4},"end":{"line":11,"column":5}},"loc":{"start":{"line":11,"column":25},"end":{"line":15,"column":5}},"line":11},"1":{"name":"(anonymous_1)","decl":{"start":{"line":21,"column":4},"end":{"line":21,"column":5}},"loc":{"start":{"line":21,"column":17},"end":{"line":23,"column":5}},"line":21},"2":{"name":"(anonymous_2)","decl":{"start":{"line":29,"column":4},"end":{"line":29,"column":5}},"loc":{"start":{"line":29,"column":18},"end":{"line":31,"column":5}},"line":29},"3":{"name":"(anonymous_3)","decl":{"start":{"line":37,"column":4},"end":{"line":37,"column":5}},"loc":{"start":{"line":37,"column":16},"end":{"line":39,"column":5}},"line":37},"4":{"name":"(anonymous_4)","decl":{"start":{"line":46,"column":4},"end":{"line":46,"column":5}},"loc":{"start":{"line":46,"column":21},"end":{"line":53,"column":5}},"line":46},"5":{"name":"(anonymous_5)","decl":{"start":{"line":59,"column":4},"end":{"line":59,"column":5}},"loc":{"start":{"line":59,"column":22},"end":{"line":61,"column":5}},"line":59},"6":{"name":"(anonymous_6)","decl":{"start":{"line":68,"column":4},"end":{"line":68,"column":5}},"loc":{"start":{"line":68,"column":21},"end":{"line":75,"column":5}},"line":68},"7":{"name":"(anonymous_7)","decl":{"start":{"line":81,"column":4},"end":{"line":81,"column":5}},"loc":{"start":{"line":81,"column":27},"end":{"line":85,"column":5}},"line":81},"8":{"name":"(anonymous_8)","decl":{"start":{"line":91,"column":4},"end":{"line":91,"column":5}},"loc":{"start":{"line":91,"column":27},"end":{"line":93,"column":5}},"line":91},"9":{"name":"(anonymous_9)","decl":{"start":{"line":99,"column":4},"end":{"line":99,"column":5}},"loc":{"start":{"line":99,"column":32},"end":{"line":103,"column":5}},"line":99},"10":{"name":"(anonymous_10)","decl":{"start":{"line":112,"column":4},"end":{"line":112,"column":5}},"loc":{"start":{"line":112,"column":31},"end":{"line":128,"column":5}},"line":112},"11":{"name":"(anonymous_11)","decl":{"start":{"line":121,"column":53},"end":{"line":121,"column":54}},"loc":{"start":{"line":121,"column":61},"end":{"line":121,"column":75}},"line":121},"12":{"name":"(anonymous_12)","decl":{"start":{"line":123,"column":36},"end":{"line":123,"column":37}},"loc":{"start":{"line":123,"column":41},"end":{"line":123,"column":49}},"line":123},"13":{"name":"(anonymous_13)","decl":{"start":{"line":137,"column":4},"end":{"line":137,"column":5}},"loc":{"start":{"line":137,"column":55},"end":{"line":150,"column":5}},"line":137},"14":{"name":"(anonymous_14)","decl":{"start":{"line":161,"column":4},"end":{"line":161,"column":5}},"loc":{"start":{"line":161,"column":74},"end":{"line":210,"column":5}},"line":161},"15":{"name":"(anonymous_15)","decl":{"start":{"line":189,"column":17},"end":{"line":189,"column":18}},"loc":{"start":{"line":189,"column":25},"end":{"line":189,"column":46}},"line":189},"16":{"name":"(anonymous_16)","decl":{"start":{"line":190,"column":17},"end":{"line":190,"column":18}},"loc":{"start":{"line":190,"column":25},"end":{"line":190,"column":40}},"line":190},"17":{"name":"(anonymous_17)","decl":{"start":{"line":191,"column":17},"end":{"line":191,"column":18}},"loc":{"start":{"line":191,"column":25},"end":{"line":191,"column":46}},"line":191},"18":{"name":"(anonymous_18)","decl":{"start":{"line":192,"column":17},"end":{"line":192,"column":18}},"loc":{"start":{"line":192,"column":25},"end":{"line":192,"column":43}},"line":192},"19":{"name":"(anonymous_19)","decl":{"start":{"line":202,"column":40},"end":{"line":202,"column":41}},"loc":{"start":{"line":202,"column":50},"end":{"line":202,"column":86}},"line":202}},"branchMap":{"0":{"loc":{"start":{"line":48,"column":12},"end":{"line":50,"column":13}},"type":"if","locations":[{"start":{"line":48,"column":12},"end":{"line":50,"column":13}},{"start":{"line":48,"column":12},"end":{"line":50,"column":13}}],"line":48},"1":{"loc":{"start":{"line":69,"column":8},"end":{"line":73,"column":9}},"type":"if","locations":[{"start":{"line":69,"column":8},"end":{"line":73,"column":9}},{"start":{"line":69,"column":8},"end":{"line":73,"column":9}}],"line":69},"2":{"loc":{"start":{"line":116,"column":8},"end":{"line":119,"column":9}},"type":"if","locations":[{"start":{"line":116,"column":8},"end":{"line":119,"column":9}},{"start":{"line":116,"column":8},"end":{"line":119,"column":9}}],"line":116},"3":{"loc":{"start":{"line":123,"column":8},"end":{"line":125,"column":9}},"type":"if","locations":[{"start":{"line":123,"column":8},"end":{"line":125,"column":9}},{"start":{"line":123,"column":8},"end":{"line":125,"column":9}}],"line":123},"4":{"loc":{"start":{"line":138,"column":8},"end":{"line":140,"column":9}},"type":"if","locations":[{"start":{"line":138,"column":8},"end":{"line":140,"column":9}},{"start":{"line":138,"column":8},"end":{"line":140,"column":9}}],"line":138},"5":{"loc":{"start":{"line":168,"column":8},"end":{"line":170,"column":9}},"type":"if","locations":[{"start":{"line":168,"column":8},"end":{"line":170,"column":9}},{"start":{"line":168,"column":8},"end":{"line":170,"column":9}}],"line":168},"6":{"loc":{"start":{"line":171,"column":8},"end":{"line":173,"column":9}},"type":"if","locations":[{"start":{"line":171,"column":8},"end":{"line":173,"column":9}},{"start":{"line":171,"column":8},"end":{"line":173,"column":9}}],"line":171},"7":{"loc":{"start":{"line":174,"column":8},"end":{"line":176,"column":9}},"type":"if","locations":[{"start":{"line":174,"column":8},"end":{"line":176,"column":9}},{"start":{"line":174,"column":8},"end":{"line":176,"column":9}}],"line":174},"8":{"loc":{"start":{"line":177,"column":8},"end":{"line":179,"column":9}},"type":"if","locations":[{"start":{"line":177,"column":8},"end":{"line":179,"column":9}},{"start":{"line":177,"column":8},"end":{"line":179,"column":9}}],"line":177}},"s":{"0":1,"1":3,"2":3,"3":3,"4":3,"5":3,"6":1,"7":6,"8":5,"9":3,"10":3,"11":3,"12":3,"13":3,"14":3,"15":3,"16":0,"17":1,"18":2,"19":0,"20":0,"21":0,"22":0,"23":0,"24":0,"25":0,"26":0,"27":0,"28":0,"29":0,"30":0,"31":0,"32":0,"33":0,"34":0,"35":0,"36":0,"37":0,"38":0,"39":0,"40":0,"41":0,"42":0,"43":0,"44":0,"45":0,"46":0,"47":0,"48":0,"49":0,"50":0,"51":0,"52":0,"53":0,"54":0,"55":0,"56":0,"57":0,"58":0,"59":0,"60":0,"61":0,"62":0,"63":0,"64":0,"65":0,"66":0,"67":0,"68":0,"69":1},"f":{"0":3,"1":3,"2":3,"3":1,"4":6,"5":3,"6":3,"7":1,"8":0,"9":0,"10":0,"11":0,"12":0,"13":0,"14":0,"15":0,"16":0,"17":0,"18":0,"19":0},"b":{"0":[3,2],"1":[3,0],"2":[0,0],"3":[0,0],"4":[0,0],"5":[0,0],"6":[0,0],"7":[0,0],"8":[0,0]},"_coverageSchema":"332fd63041d2c1bcb487cc26dd0d5f7d97098a6c","hash":"fc93c9aeaa710fac5d842b304ebd2b669762af48"}
}
