{"C:\\xampp\\htdocs\\DAW\\Segundo\\Desarrollo_cliente\\Actividad_3\\buggy_code\\app\\data\\dataset_utils.js": {"path":"C:\\xampp\\htdocs\\DAW\\Segundo\\Desarrollo_cliente\\Actividad_3\\buggy_code\\app\\data\\dataset_utils.js","statementMap":{"0":{"start":{"line":4,"column":16},"end":{"line":74,"column":1}},"1":{"start":{"line":82,"column":4},"end":{"line":89,"column":5}},"2":{"start":{"line":88,"column":8},"end":{"line":88,"column":20}},"3":{"start":{"line":90,"column":4},"end":{"line":90,"column":17}},"4":{"start":{"line":100,"column":4},"end":{"line":108,"column":5}},"5":{"start":{"line":107,"column":8},"end":{"line":107,"column":20}},"6":{"start":{"line":109,"column":4},"end":{"line":109,"column":17}},"7":{"start":{"line":118,"column":4},"end":{"line":132,"column":5}},"8":{"start":{"line":131,"column":8},"end":{"line":131,"column":20}},"9":{"start":{"line":133,"column":4},"end":{"line":133,"column":17}},"10":{"start":{"line":142,"column":4},"end":{"line":146,"column":5}},"11":{"start":{"line":143,"column":8},"end":{"line":143,"column":20}},"12":{"start":{"line":144,"column":11},"end":{"line":146,"column":5}},"13":{"start":{"line":145,"column":8},"end":{"line":145,"column":20}},"14":{"start":{"line":147,"column":4},"end":{"line":147,"column":17}},"15":{"start":{"line":150,"column":0},"end":{"line":150,"column":37}},"16":{"start":{"line":151,"column":0},"end":{"line":151,"column":36}},"17":{"start":{"line":152,"column":0},"end":{"line":152,"column":24}},"18":{"start":{"line":153,"column":0},"end":{"line":153,"column":30}},"19":{"start":{"line":154,"column":0},"end":{"line":154,"column":36}}},"fnMap":{"0":{"name":"isForward","decl":{"start":{"line":81,"column":9},"end":{"line":81,"column":18}},"loc":{"start":{"line":81,"column":38},"end":{"line":92,"column":1}},"line":81},"1":{"name":"isBack","decl":{"start":{"line":99,"column":9},"end":{"line":99,"column":15}},"loc":{"start":{"line":99,"column":36},"end":{"line":110,"column":1}},"line":99},"2":{"name":"isMidfielder","decl":{"start":{"line":117,"column":9},"end":{"line":117,"column":21}},"loc":{"start":{"line":117,"column":42},"end":{"line":134,"column":1}},"line":117},"3":{"name":"isGoalKeeper","decl":{"start":{"line":141,"column":9},"end":{"line":141,"column":21}},"loc":{"start":{"line":141,"column":42},"end":{"line":148,"column":1}},"line":141}},"branchMap":{"0":{"loc":{"start":{"line":82,"column":4},"end":{"line":89,"column":5}},"type":"if","locations":[{"start":{"line":82,"column":4},"end":{"line":89,"column":5}},{"start":{"line":82,"column":4},"end":{"line":89,"column":5}}],"line":82},"1":{"loc":{"start":{"line":82,"column":7},"end":{"line":87,"column":50}},"type":"binary-expr","locations":[{"start":{"line":82,"column":7},"end":{"line":82,"column":55}},{"start":{"line":83,"column":4},"end":{"line":83,"column":50}},{"start":{"line":84,"column":4},"end":{"line":84,"column":51}},{"start":{"line":85,"column":4},"end":{"line":85,"column":45}},{"start":{"line":86,"column":4},"end":{"line":86,"column":51}},{"start":{"line":87,"column":4},"end":{"line":87,"column":50}}],"line":82},"2":{"loc":{"start":{"line":100,"column":4},"end":{"line":108,"column":5}},"type":"if","locations":[{"start":{"line":100,"column":4},"end":{"line":108,"column":5}},{"start":{"line":100,"column":4},"end":{"line":108,"column":5}}],"line":100},"3":{"loc":{"start":{"line":100,"column":7},"end":{"line":106,"column":54}},"type":"binary-expr","locations":[{"start":{"line":100,"column":7},"end":{"line":100,"column":53}},{"start":{"line":101,"column":4},"end":{"line":101,"column":48}},{"start":{"line":102,"column":4},"end":{"line":102,"column":55}},{"start":{"line":103,"column":4},"end":{"line":103,"column":53}},{"start":{"line":104,"column":4},"end":{"line":104,"column":49}},{"start":{"line":105,"column":4},"end":{"line":105,"column":56}},{"start":{"line":106,"column":4},"end":{"line":106,"column":54}}],"line":100},"4":{"loc":{"start":{"line":118,"column":4},"end":{"line":132,"column":5}},"type":"if","locations":[{"start":{"line":118,"column":4},"end":{"line":132,"column":5}},{"start":{"line":118,"column":4},"end":{"line":132,"column":5}}],"line":118},"5":{"loc":{"start":{"line":118,"column":7},"end":{"line":130,"column":48}},"type":"binary-expr","locations":[{"start":{"line":118,"column":7},"end":{"line":118,"column":69}},{"start":{"line":119,"column":4},"end":{"line":119,"column":66}},{"start":{"line":120,"column":4},"end":{"line":120,"column":56}},{"start":{"line":121,"column":4},"end":{"line":121,"column":64}},{"start":{"line":122,"column":4},"end":{"line":122,"column":61}},{"start":{"line":123,"column":4},"end":{"line":123,"column":64}},{"start":{"line":124,"column":4},"end":{"line":124,"column":54}},{"start":{"line":125,"column":4},"end":{"line":125,"column":65}},{"start":{"line":126,"column":4},"end":{"line":126,"column":62}},{"start":{"line":127,"column":4},"end":{"line":127,"column":65}},{"start":{"line":128,"column":4},"end":{"line":128,"column":55}},{"start":{"line":129,"column":4},"end":{"line":129,"column":49}},{"start":{"line":130,"column":4},"end":{"line":130,"column":48}}],"line":118},"6":{"loc":{"start":{"line":142,"column":4},"end":{"line":146,"column":5}},"type":"if","locations":[{"start":{"line":142,"column":4},"end":{"line":146,"column":5}},{"start":{"line":142,"column":4},"end":{"line":146,"column":5}}],"line":142},"7":{"loc":{"start":{"line":144,"column":11},"end":{"line":146,"column":5}},"type":"if","locations":[{"start":{"line":144,"column":11},"end":{"line":146,"column":5}},{"start":{"line":144,"column":11},"end":{"line":146,"column":5}}],"line":144},"8":{"loc":{"start":{"line":144,"column":14},"end":{"line":144,"column":115}},"type":"binary-expr","locations":[{"start":{"line":144,"column":14},"end":{"line":144,"column":48}},{"start":{"line":144,"column":52},"end":{"line":144,"column":80}},{"start":{"line":144,"column":84},"end":{"line":144,"column":115}}],"line":144}},"s":{"0":1,"1":12,"2":4,"3":8,"4":12,"5":0,"6":12,"7":24,"8":24,"9":0,"10":12,"11":0,"12":12,"13":0,"14":12,"15":1,"16":1,"17":1,"18":1,"19":1},"f":{"0":12,"1":12,"2":24,"3":12},"b":{"0":[4,8],"1":[12,12,12,12,8,8],"2":[0,12],"3":[12,12,12,12,12,12,12],"4":[24,0],"5":[24,24,24,24,24,24,24,24,24,24,24,24,16],"6":[0,12],"7":[0,12],"8":[12,0,0]},"_coverageSchema":"332fd63041d2c1bcb487cc26dd0d5f7d97098a6c","hash":"4411c3a6189bf49ea2c865ae4970eb9dd58aa007"}
,"C:\\xampp\\htdocs\\DAW\\Segundo\\Desarrollo_cliente\\Actividad_3\\buggy_code\\app\\data\\json_reader.js": {"path":"C:\\xampp\\htdocs\\DAW\\Segundo\\Desarrollo_cliente\\Actividad_3\\buggy_code\\app\\data\\json_reader.js","statementMap":{"0":{"start":{"line":1,"column":11},"end":{"line":1,"column":24}},"1":{"start":{"line":2,"column":22},"end":{"line":2,"column":65}},"2":{"start":{"line":3,"column":19},"end":{"line":3,"column":44}},"3":{"start":{"line":4,"column":16},"end":{"line":4,"column":42}},"4":{"start":{"line":12,"column":21},"end":{"line":12,"column":23}},"5":{"start":{"line":13,"column":4},"end":{"line":17,"column":5}},"6":{"start":{"line":14,"column":17},"end":{"line":14,"column":48}},"7":{"start":{"line":15,"column":24},"end":{"line":15,"column":63}},"8":{"start":{"line":16,"column":8},"end":{"line":16,"column":35}},"9":{"start":{"line":18,"column":4},"end":{"line":18,"column":22}},"10":{"start":{"line":28,"column":21},"end":{"line":28,"column":30}},"11":{"start":{"line":29,"column":4},"end":{"line":36,"column":5}},"12":{"start":{"line":30,"column":8},"end":{"line":30,"column":42}},"13":{"start":{"line":32,"column":8},"end":{"line":35,"column":53}},"14":{"start":{"line":33,"column":12},"end":{"line":33,"column":62}},"15":{"start":{"line":35,"column":13},"end":{"line":35,"column":53}},"16":{"start":{"line":37,"column":4},"end":{"line":37,"column":22}},"17":{"start":{"line":40,"column":0},"end":{"line":40,"column":36}},"18":{"start":{"line":41,"column":0},"end":{"line":41,"column":55}}},"fnMap":{"0":{"name":"extractDataFromRawJSON","decl":{"start":{"line":11,"column":9},"end":{"line":11,"column":31}},"loc":{"start":{"line":11,"column":43},"end":{"line":19,"column":1}},"line":11},"1":{"name":"readJSONData","decl":{"start":{"line":27,"column":9},"end":{"line":27,"column":21}},"loc":{"start":{"line":27,"column":31},"end":{"line":38,"column":1}},"line":27}},"branchMap":{"0":{"loc":{"start":{"line":32,"column":8},"end":{"line":35,"column":53}},"type":"if","locations":[{"start":{"line":32,"column":8},"end":{"line":35,"column":53}},{"start":{"line":32,"column":8},"end":{"line":35,"column":53}}],"line":32}},"s":{"0":1,"1":1,"2":1,"3":1,"4":4,"5":4,"6":12,"7":12,"8":12,"9":4,"10":6,"11":6,"12":6,"13":2,"14":1,"15":1,"16":4,"17":1,"18":1},"f":{"0":4,"1":6},"b":{"0":[1,1]},"_coverageSchema":"332fd63041d2c1bcb487cc26dd0d5f7d97098a6c","hash":"62242f81e7282e99df68e60af7e33bafa6d2f22e"}
,"C:\\xampp\\htdocs\\DAW\\Segundo\\Desarrollo_cliente\\Actividad_3\\buggy_code\\app\\data\\player.js": {"path":"C:\\xampp\\htdocs\\DAW\\Segundo\\Desarrollo_cliente\\Actividad_3\\buggy_code\\app\\data\\player.js","statementMap":{"0":{"start":{"line":1,"column":22},"end":{"line":1,"column":48}},"1":{"start":{"line":2,"column":18},"end":{"line":2,"column":48}},"2":{"start":{"line":3,"column":21},"end":{"line":3,"column":47}},"3":{"start":{"line":4,"column":21},"end":{"line":4,"column":47}},"4":{"start":{"line":5,"column":18},"end":{"line":5,"column":41}},"5":{"start":{"line":6,"column":15},"end":{"line":6,"column":35}},"6":{"start":{"line":17,"column":8},"end":{"line":17,"column":27}},"7":{"start":{"line":27,"column":21},"end":{"line":27,"column":41}},"8":{"start":{"line":28,"column":8},"end":{"line":28,"column":52}},"9":{"start":{"line":29,"column":8},"end":{"line":29,"column":49}},"10":{"start":{"line":30,"column":8},"end":{"line":30,"column":55}},"11":{"start":{"line":31,"column":8},"end":{"line":31,"column":47}},"12":{"start":{"line":32,"column":8},"end":{"line":32,"column":49}},"13":{"start":{"line":33,"column":8},"end":{"line":33,"column":63}},"14":{"start":{"line":34,"column":20},"end":{"line":34,"column":54}},"15":{"start":{"line":35,"column":21},"end":{"line":35,"column":65}},"16":{"start":{"line":36,"column":8},"end":{"line":36,"column":50}},"17":{"start":{"line":37,"column":8},"end":{"line":41,"column":9}},"18":{"start":{"line":38,"column":12},"end":{"line":38,"column":55}},"19":{"start":{"line":40,"column":12},"end":{"line":40,"column":52}},"20":{"start":{"line":42,"column":33},"end":{"line":42,"column":94}},"21":{"start":{"line":43,"column":8},"end":{"line":43,"column":64}},"22":{"start":{"line":44,"column":8},"end":{"line":44,"column":52}},"23":{"start":{"line":45,"column":8},"end":{"line":45,"column":58}},"24":{"start":{"line":46,"column":8},"end":{"line":46,"column":64}},"25":{"start":{"line":47,"column":8},"end":{"line":47,"column":22}},"26":{"start":{"line":56,"column":8},"end":{"line":56,"column":34}},"27":{"start":{"line":64,"column":8},"end":{"line":64,"column":31}},"28":{"start":{"line":72,"column":8},"end":{"line":72,"column":28}},"29":{"start":{"line":80,"column":8},"end":{"line":80,"column":34}},"30":{"start":{"line":88,"column":8},"end":{"line":88,"column":26}},"31":{"start":{"line":96,"column":8},"end":{"line":96,"column":28}},"32":{"start":{"line":104,"column":8},"end":{"line":104,"column":25}},"33":{"start":{"line":112,"column":8},"end":{"line":112,"column":24}},"34":{"start":{"line":120,"column":8},"end":{"line":120,"column":25}},"35":{"start":{"line":128,"column":8},"end":{"line":128,"column":23}},"36":{"start":{"line":136,"column":8},"end":{"line":136,"column":28}},"37":{"start":{"line":145,"column":8},"end":{"line":147,"column":9}},"38":{"start":{"line":146,"column":12},"end":{"line":146,"column":24}},"39":{"start":{"line":148,"column":8},"end":{"line":148,"column":21}},"40":{"start":{"line":152,"column":0},"end":{"line":152,"column":24}}},"fnMap":{"0":{"name":"(anonymous_0)","decl":{"start":{"line":16,"column":4},"end":{"line":16,"column":5}},"loc":{"start":{"line":16,"column":26},"end":{"line":18,"column":5}},"line":16},"1":{"name":"(anonymous_1)","decl":{"start":{"line":26,"column":4},"end":{"line":26,"column":5}},"loc":{"start":{"line":26,"column":55},"end":{"line":48,"column":5}},"line":26},"2":{"name":"(anonymous_2)","decl":{"start":{"line":55,"column":4},"end":{"line":55,"column":5}},"loc":{"start":{"line":55,"column":19},"end":{"line":57,"column":5}},"line":55},"3":{"name":"(anonymous_3)","decl":{"start":{"line":63,"column":4},"end":{"line":63,"column":5}},"loc":{"start":{"line":63,"column":16},"end":{"line":65,"column":5}},"line":63},"4":{"name":"(anonymous_4)","decl":{"start":{"line":71,"column":4},"end":{"line":71,"column":5}},"loc":{"start":{"line":71,"column":13},"end":{"line":73,"column":5}},"line":71},"5":{"name":"(anonymous_5)","decl":{"start":{"line":79,"column":4},"end":{"line":79,"column":5}},"loc":{"start":{"line":79,"column":19},"end":{"line":81,"column":5}},"line":79},"6":{"name":"(anonymous_6)","decl":{"start":{"line":87,"column":4},"end":{"line":87,"column":5}},"loc":{"start":{"line":87,"column":15},"end":{"line":89,"column":5}},"line":87},"7":{"name":"(anonymous_7)","decl":{"start":{"line":95,"column":4},"end":{"line":95,"column":5}},"loc":{"start":{"line":95,"column":21},"end":{"line":97,"column":5}},"line":95},"8":{"name":"(anonymous_8)","decl":{"start":{"line":103,"column":4},"end":{"line":103,"column":5}},"loc":{"start":{"line":103,"column":14},"end":{"line":105,"column":5}},"line":103},"9":{"name":"(anonymous_9)","decl":{"start":{"line":111,"column":4},"end":{"line":111,"column":5}},"loc":{"start":{"line":111,"column":13},"end":{"line":113,"column":5}},"line":111},"10":{"name":"(anonymous_10)","decl":{"start":{"line":119,"column":4},"end":{"line":119,"column":5}},"loc":{"start":{"line":119,"column":14},"end":{"line":121,"column":5}},"line":119},"11":{"name":"(anonymous_11)","decl":{"start":{"line":127,"column":4},"end":{"line":127,"column":5}},"loc":{"start":{"line":127,"column":12},"end":{"line":129,"column":5}},"line":127},"12":{"name":"(anonymous_12)","decl":{"start":{"line":135,"column":4},"end":{"line":135,"column":5}},"loc":{"start":{"line":135,"column":17},"end":{"line":137,"column":5}},"line":135},"13":{"name":"(anonymous_13)","decl":{"start":{"line":144,"column":4},"end":{"line":144,"column":5}},"loc":{"start":{"line":144,"column":16},"end":{"line":149,"column":5}},"line":144}},"branchMap":{"0":{"loc":{"start":{"line":37,"column":8},"end":{"line":41,"column":9}},"type":"if","locations":[{"start":{"line":37,"column":8},"end":{"line":41,"column":9}},{"start":{"line":37,"column":8},"end":{"line":41,"column":9}}],"line":37},"1":{"loc":{"start":{"line":145,"column":8},"end":{"line":147,"column":9}},"type":"if","locations":[{"start":{"line":145,"column":8},"end":{"line":147,"column":9}},{"start":{"line":145,"column":8},"end":{"line":147,"column":9}}],"line":145},"2":{"loc":{"start":{"line":145,"column":12},"end":{"line":145,"column":70}},"type":"binary-expr","locations":[{"start":{"line":145,"column":12},"end":{"line":145,"column":39}},{"start":{"line":145,"column":43},"end":{"line":145,"column":70}}],"line":145}},"s":{"0":1,"1":1,"2":1,"3":1,"4":1,"5":1,"6":15,"7":12,"8":12,"9":12,"10":12,"11":12,"12":12,"13":12,"14":12,"15":12,"16":12,"17":12,"18":12,"19":0,"20":12,"21":12,"22":12,"23":12,"24":12,"25":12,"26":0,"27":1,"28":1,"29":1,"30":7,"31":1,"32":1,"33":1,"34":1,"35":18,"36":1,"37":9,"38":4,"39":5,"40":1},"f":{"0":15,"1":12,"2":0,"3":1,"4":1,"5":1,"6":7,"7":1,"8":1,"9":1,"10":1,"11":18,"12":1,"13":9},"b":{"0":[12,0],"1":[4,5],"2":[9,9]},"_coverageSchema":"332fd63041d2c1bcb487cc26dd0d5f7d97098a6c","hash":"5825b8cd0be2729ff2d94dafe3b480bd6f1ac7ae"}
,"C:\\xampp\\htdocs\\DAW\\Segundo\\Desarrollo_cliente\\Actividad_3\\buggy_code\\app\\data\\team.js": {"path":"C:\\xampp\\htdocs\\DAW\\Segundo\\Desarrollo_cliente\\Actividad_3\\buggy_code\\app\\data\\team.js","statementMap":{"0":{"start":{"line":1,"column":16},"end":{"line":1,"column":42}},"1":{"start":{"line":2,"column":22},"end":{"line":2,"column":48}},"2":{"start":{"line":3,"column":18},"end":{"line":3,"column":48}},"3":{"start":{"line":14,"column":8},"end":{"line":14,"column":33}},"4":{"start":{"line":15,"column":8},"end":{"line":15,"column":39}},"5":{"start":{"line":16,"column":8},"end":{"line":16,"column":27}},"6":{"start":{"line":24,"column":8},"end":{"line":24,"column":29}},"7":{"start":{"line":32,"column":8},"end":{"line":32,"column":30}},"8":{"start":{"line":40,"column":8},"end":{"line":40,"column":40}},"9":{"start":{"line":49,"column":8},"end":{"line":53,"column":9}},"10":{"start":{"line":50,"column":12},"end":{"line":52,"column":13}},"11":{"start":{"line":51,"column":16},"end":{"line":51,"column":28}},"12":{"start":{"line":54,"column":8},"end":{"line":54,"column":21}},"13":{"start":{"line":62,"column":8},"end":{"line":62,"column":39}},"14":{"start":{"line":71,"column":8},"end":{"line":75,"column":9}},"15":{"start":{"line":72,"column":12},"end":{"line":72,"column":42}},"16":{"start":{"line":73,"column":12},"end":{"line":73,"column":46}},"17":{"start":{"line":74,"column":12},"end":{"line":74,"column":24}},"18":{"start":{"line":76,"column":8},"end":{"line":76,"column":21}},"19":{"start":{"line":84,"column":8},"end":{"line":86,"column":9}},"20":{"start":{"line":85,"column":12},"end":{"line":85,"column":35}},"21":{"start":{"line":94,"column":26},"end":{"line":94,"column":42}},"22":{"start":{"line":95,"column":22},"end":{"line":95,"column":23}},"23":{"start":{"line":96,"column":22},"end":{"line":96,"column":47}},"24":{"start":{"line":97,"column":8},"end":{"line":99,"column":9}},"25":{"start":{"line":98,"column":12},"end":{"line":98,"column":37}},"26":{"start":{"line":100,"column":8},"end":{"line":100,"column":44}},"27":{"start":{"line":108,"column":31},"end":{"line":108,"column":96}},"28":{"start":{"line":109,"column":26},"end":{"line":109,"column":65}},"29":{"start":{"line":110,"column":8},"end":{"line":110,"column":45}},"30":{"start":{"line":122,"column":33},"end":{"line":122,"column":50}},"31":{"start":{"line":124,"column":8},"end":{"line":127,"column":9}},"32":{"start":{"line":125,"column":12},"end":{"line":126,"column":53}},"33":{"start":{"line":129,"column":8},"end":{"line":129,"column":78}},"34":{"start":{"line":129,"column":61},"end":{"line":129,"column":75}},"35":{"start":{"line":131,"column":8},"end":{"line":133,"column":9}},"36":{"start":{"line":131,"column":41},"end":{"line":131,"column":49}},"37":{"start":{"line":132,"column":12},"end":{"line":132,"column":74}},"38":{"start":{"line":135,"column":8},"end":{"line":135,"column":34}},"39":{"start":{"line":146,"column":8},"end":{"line":148,"column":9}},"40":{"start":{"line":147,"column":12},"end":{"line":147,"column":63}},"41":{"start":{"line":149,"column":30},"end":{"line":149,"column":41}},"42":{"start":{"line":150,"column":30},"end":{"line":150,"column":49}},"43":{"start":{"line":152,"column":8},"end":{"line":156,"column":9}},"44":{"start":{"line":153,"column":30},"end":{"line":153,"column":78}},"45":{"start":{"line":154,"column":25},"end":{"line":154,"column":53}},"46":{"start":{"line":155,"column":12},"end":{"line":155,"column":41}},"47":{"start":{"line":157,"column":8},"end":{"line":157,"column":31}},"48":{"start":{"line":171,"column":33},"end":{"line":171,"column":58}},"49":{"start":{"line":172,"column":28},"end":{"line":172,"column":59}},"50":{"start":{"line":173,"column":32},"end":{"line":173,"column":63}},"51":{"start":{"line":174,"column":31},"end":{"line":174,"column":62}},"52":{"start":{"line":175,"column":33},"end":{"line":175,"column":89}},"53":{"start":{"line":176,"column":8},"end":{"line":178,"column":9}},"54":{"start":{"line":177,"column":12},"end":{"line":177,"column":65}},"55":{"start":{"line":179,"column":8},"end":{"line":181,"column":9}},"56":{"start":{"line":180,"column":12},"end":{"line":180,"column":61}},"57":{"start":{"line":182,"column":8},"end":{"line":184,"column":9}},"58":{"start":{"line":183,"column":12},"end":{"line":183,"column":63}},"59":{"start":{"line":185,"column":8},"end":{"line":187,"column":9}},"60":{"start":{"line":186,"column":12},"end":{"line":186,"column":65}},"61":{"start":{"line":191,"column":8},"end":{"line":216,"column":9}},"62":{"start":{"line":192,"column":26},"end":{"line":192,"column":44}},"63":{"start":{"line":194,"column":35},"end":{"line":194,"column":44}},"64":{"start":{"line":196,"column":12},"end":{"line":213,"column":13}},"65":{"start":{"line":197,"column":25},"end":{"line":197,"column":46}},"66":{"start":{"line":198,"column":25},"end":{"line":198,"column":40}},"67":{"start":{"line":199,"column":25},"end":{"line":199,"column":46}},"68":{"start":{"line":200,"column":25},"end":{"line":200,"column":43}},"69":{"start":{"line":202,"column":40},"end":{"line":202,"column":65}},"70":{"start":{"line":204,"column":46},"end":{"line":204,"column":71}},"71":{"start":{"line":206,"column":34},"end":{"line":206,"column":79}},"72":{"start":{"line":208,"column":38},"end":{"line":208,"column":97}},"73":{"start":{"line":210,"column":16},"end":{"line":210,"column":88}},"74":{"start":{"line":210,"column":50},"end":{"line":210,"column":86}},"75":{"start":{"line":212,"column":16},"end":{"line":212,"column":52}},"76":{"start":{"line":222,"column":0},"end":{"line":222,"column":20}}},"fnMap":{"0":{"name":"(anonymous_0)","decl":{"start":{"line":13,"column":4},"end":{"line":13,"column":5}},"loc":{"start":{"line":13,"column":25},"end":{"line":17,"column":5}},"line":13},"1":{"name":"(anonymous_1)","decl":{"start":{"line":23,"column":4},"end":{"line":23,"column":5}},"loc":{"start":{"line":23,"column":17},"end":{"line":25,"column":5}},"line":23},"2":{"name":"(anonymous_2)","decl":{"start":{"line":31,"column":4},"end":{"line":31,"column":5}},"loc":{"start":{"line":31,"column":18},"end":{"line":33,"column":5}},"line":31},"3":{"name":"(anonymous_3)","decl":{"start":{"line":39,"column":4},"end":{"line":39,"column":5}},"loc":{"start":{"line":39,"column":16},"end":{"line":41,"column":5}},"line":39},"4":{"name":"(anonymous_4)","decl":{"start":{"line":48,"column":4},"end":{"line":48,"column":5}},"loc":{"start":{"line":48,"column":21},"end":{"line":55,"column":5}},"line":48},"5":{"name":"(anonymous_5)","decl":{"start":{"line":61,"column":4},"end":{"line":61,"column":5}},"loc":{"start":{"line":61,"column":22},"end":{"line":63,"column":5}},"line":61},"6":{"name":"(anonymous_6)","decl":{"start":{"line":70,"column":4},"end":{"line":70,"column":5}},"loc":{"start":{"line":70,"column":21},"end":{"line":77,"column":5}},"line":70},"7":{"name":"(anonymous_7)","decl":{"start":{"line":83,"column":4},"end":{"line":83,"column":5}},"loc":{"start":{"line":83,"column":27},"end":{"line":87,"column":5}},"line":83},"8":{"name":"(anonymous_8)","decl":{"start":{"line":93,"column":4},"end":{"line":93,"column":5}},"loc":{"start":{"line":93,"column":27},"end":{"line":101,"column":5}},"line":93},"9":{"name":"(anonymous_9)","decl":{"start":{"line":107,"column":4},"end":{"line":107,"column":5}},"loc":{"start":{"line":107,"column":32},"end":{"line":111,"column":5}},"line":107},"10":{"name":"(anonymous_10)","decl":{"start":{"line":120,"column":4},"end":{"line":120,"column":5}},"loc":{"start":{"line":120,"column":31},"end":{"line":136,"column":5}},"line":120},"11":{"name":"(anonymous_11)","decl":{"start":{"line":129,"column":53},"end":{"line":129,"column":54}},"loc":{"start":{"line":129,"column":61},"end":{"line":129,"column":75}},"line":129},"12":{"name":"(anonymous_12)","decl":{"start":{"line":131,"column":36},"end":{"line":131,"column":37}},"loc":{"start":{"line":131,"column":41},"end":{"line":131,"column":49}},"line":131},"13":{"name":"(anonymous_13)","decl":{"start":{"line":145,"column":4},"end":{"line":145,"column":5}},"loc":{"start":{"line":145,"column":55},"end":{"line":158,"column":5}},"line":145},"14":{"name":"(anonymous_14)","decl":{"start":{"line":169,"column":4},"end":{"line":169,"column":5}},"loc":{"start":{"line":169,"column":74},"end":{"line":218,"column":5}},"line":169},"15":{"name":"(anonymous_15)","decl":{"start":{"line":197,"column":17},"end":{"line":197,"column":18}},"loc":{"start":{"line":197,"column":25},"end":{"line":197,"column":46}},"line":197},"16":{"name":"(anonymous_16)","decl":{"start":{"line":198,"column":17},"end":{"line":198,"column":18}},"loc":{"start":{"line":198,"column":25},"end":{"line":198,"column":40}},"line":198},"17":{"name":"(anonymous_17)","decl":{"start":{"line":199,"column":17},"end":{"line":199,"column":18}},"loc":{"start":{"line":199,"column":25},"end":{"line":199,"column":46}},"line":199},"18":{"name":"(anonymous_18)","decl":{"start":{"line":200,"column":17},"end":{"line":200,"column":18}},"loc":{"start":{"line":200,"column":25},"end":{"line":200,"column":43}},"line":200},"19":{"name":"(anonymous_19)","decl":{"start":{"line":210,"column":40},"end":{"line":210,"column":41}},"loc":{"start":{"line":210,"column":50},"end":{"line":210,"column":86}},"line":210}},"branchMap":{"0":{"loc":{"start":{"line":50,"column":12},"end":{"line":52,"column":13}},"type":"if","locations":[{"start":{"line":50,"column":12},"end":{"line":52,"column":13}},{"start":{"line":50,"column":12},"end":{"line":52,"column":13}}],"line":50},"1":{"loc":{"start":{"line":71,"column":8},"end":{"line":75,"column":9}},"type":"if","locations":[{"start":{"line":71,"column":8},"end":{"line":75,"column":9}},{"start":{"line":71,"column":8},"end":{"line":75,"column":9}}],"line":71},"2":{"loc":{"start":{"line":124,"column":8},"end":{"line":127,"column":9}},"type":"if","locations":[{"start":{"line":124,"column":8},"end":{"line":127,"column":9}},{"start":{"line":124,"column":8},"end":{"line":127,"column":9}}],"line":124},"3":{"loc":{"start":{"line":131,"column":8},"end":{"line":133,"column":9}},"type":"if","locations":[{"start":{"line":131,"column":8},"end":{"line":133,"column":9}},{"start":{"line":131,"column":8},"end":{"line":133,"column":9}}],"line":131},"4":{"loc":{"start":{"line":146,"column":8},"end":{"line":148,"column":9}},"type":"if","locations":[{"start":{"line":146,"column":8},"end":{"line":148,"column":9}},{"start":{"line":146,"column":8},"end":{"line":148,"column":9}}],"line":146},"5":{"loc":{"start":{"line":176,"column":8},"end":{"line":178,"column":9}},"type":"if","locations":[{"start":{"line":176,"column":8},"end":{"line":178,"column":9}},{"start":{"line":176,"column":8},"end":{"line":178,"column":9}}],"line":176},"6":{"loc":{"start":{"line":179,"column":8},"end":{"line":181,"column":9}},"type":"if","locations":[{"start":{"line":179,"column":8},"end":{"line":181,"column":9}},{"start":{"line":179,"column":8},"end":{"line":181,"column":9}}],"line":179},"7":{"loc":{"start":{"line":182,"column":8},"end":{"line":184,"column":9}},"type":"if","locations":[{"start":{"line":182,"column":8},"end":{"line":184,"column":9}},{"start":{"line":182,"column":8},"end":{"line":184,"column":9}}],"line":182},"8":{"loc":{"start":{"line":185,"column":8},"end":{"line":187,"column":9}},"type":"if","locations":[{"start":{"line":185,"column":8},"end":{"line":187,"column":9}},{"start":{"line":185,"column":8},"end":{"line":187,"column":9}}],"line":185}},"s":{"0":1,"1":1,"2":1,"3":4,"4":4,"5":4,"6":3,"7":3,"8":1,"9":9,"10":8,"11":3,"12":6,"13":4,"14":6,"15":6,"16":6,"17":6,"18":0,"19":2,"20":5,"21":1,"22":1,"23":1,"24":1,"25":3,"26":1,"27":1,"28":1,"29":1,"30":0,"31":0,"32":0,"33":0,"34":0,"35":0,"36":0,"37":0,"38":0,"39":0,"40":0,"41":0,"42":0,"43":0,"44":0,"45":0,"46":0,"47":0,"48":0,"49":0,"50":0,"51":0,"52":0,"53":0,"54":0,"55":0,"56":0,"57":0,"58":0,"59":0,"60":0,"61":0,"62":0,"63":0,"64":0,"65":0,"66":0,"67":0,"68":0,"69":0,"70":0,"71":0,"72":0,"73":0,"74":0,"75":0,"76":1},"f":{"0":4,"1":3,"2":3,"3":1,"4":9,"5":4,"6":6,"7":2,"8":1,"9":1,"10":0,"11":0,"12":0,"13":0,"14":0,"15":0,"16":0,"17":0,"18":0,"19":0},"b":{"0":[3,5],"1":[6,0],"2":[0,0],"3":[0,0],"4":[0,0],"5":[0,0],"6":[0,0],"7":[0,0],"8":[0,0]},"_coverageSchema":"332fd63041d2c1bcb487cc26dd0d5f7d97098a6c","hash":"036dc64240efbe66bb46c610fde2d1bf6d04e37f"}
}
