TN:
SF:C:\xampp\htdocs\DAW\Segundo\Desarrollo_cliente\Actividad_3\buggy_code\app\data\dataset_utils.js
FN:81,isForward
FN:99,isBack
FN:117,isMidfielder
FN:141,isGoalKeeper
FNF:4
FNH:4
FNDA:3,isForward
FNDA:3,isBack
FNDA:6,isMidfielder
FNDA:3,isGoalKeeper
DA:4,1
DA:82,3
DA:88,1
DA:90,2
DA:100,3
DA:107,0
DA:109,3
DA:118,6
DA:131,6
DA:133,0
DA:142,3
DA:143,0
DA:144,3
DA:145,0
DA:147,3
DA:150,1
DA:151,1
DA:152,1
DA:153,1
DA:154,1
LF:20
LH:16
BRDA:82,0,0,1
BRDA:82,0,1,2
BRDA:82,1,0,3
BRDA:82,1,1,3
BRDA:82,1,2,3
BRDA:82,1,3,3
BRDA:82,1,4,2
BRDA:82,1,5,2
BRDA:100,2,0,0
BRDA:100,2,1,3
BRDA:100,3,0,3
BRDA:100,3,1,3
BRDA:100,3,2,3
BRDA:100,3,3,3
BRDA:100,3,4,3
BRDA:100,3,5,3
BRDA:100,3,6,3
BRDA:118,4,0,6
BRDA:118,4,1,0
BRDA:118,5,0,6
BRDA:118,5,1,6
BRDA:118,5,2,6
BRDA:118,5,3,6
BRDA:118,5,4,6
BRDA:118,5,5,6
BRDA:118,5,6,6
BRDA:118,5,7,6
BRDA:118,5,8,6
BRDA:118,5,9,6
BRDA:118,5,10,6
BRDA:118,5,11,6
BRDA:118,5,12,4
BRDA:142,6,0,0
BRDA:142,6,1,3
BRDA:144,7,0,0
BRDA:144,7,1,3
BRDA:144,8,0,3
BRDA:144,8,1,0
BRDA:144,8,2,0
BRF:39
BRH:33
end_of_record
TN:
SF:C:\xampp\htdocs\DAW\Segundo\Desarrollo_cliente\Actividad_3\buggy_code\app\data\json_reader.js
FN:11,extractDataFromRawJSON
FN:27,readJSONData
FNF:2
FNH:2
FNDA:1,extractDataFromRawJSON
FNDA:4,readJSONData
DA:1,1
DA:2,1
DA:3,1
DA:4,1
DA:12,1
DA:13,1
DA:14,3
DA:15,3
DA:16,3
DA:18,1
DA:28,4
DA:29,4
DA:30,4
DA:32,2
DA:33,1
DA:35,1
DA:37,2
DA:40,1
DA:41,1
LF:19
LH:19
BRDA:32,0,0,1
BRDA:32,0,1,1
BRF:2
BRH:2
end_of_record
TN:
SF:C:\xampp\htdocs\DAW\Segundo\Desarrollo_cliente\Actividad_3\buggy_code\app\data\player.js
FN:16,(anonymous_0)
FN:26,(anonymous_1)
FN:56,(anonymous_2)
FN:64,(anonymous_3)
FN:72,(anonymous_4)
FN:80,(anonymous_5)
FN:88,(anonymous_6)
FN:96,(anonymous_7)
FN:104,(anonymous_8)
FN:112,(anonymous_9)
FN:120,(anonymous_10)
FN:128,(anonymous_11)
FN:136,(anonymous_12)
FN:145,(anonymous_13)
FNF:14
FNH:13
FNDA:6,(anonymous_0)
FNDA:3,(anonymous_1)
FNDA:0,(anonymous_2)
FNDA:1,(anonymous_3)
FNDA:1,(anonymous_4)
FNDA:1,(anonymous_5)
FNDA:4,(anonymous_6)
FNDA:1,(anonymous_7)
FNDA:1,(anonymous_8)
FNDA:1,(anonymous_9)
FNDA:1,(anonymous_10)
FNDA:10,(anonymous_11)
FNDA:1,(anonymous_12)
FNDA:5,(anonymous_13)
DA:1,1
DA:2,1
DA:3,1
DA:4,1
DA:5,1
DA:6,1
DA:17,6
DA:27,3
DA:28,3
DA:29,3
DA:30,3
DA:31,3
DA:32,3
DA:33,3
DA:34,3
DA:35,3
DA:36,3
DA:37,3
DA:38,3
DA:40,0
DA:42,3
DA:43,3
DA:44,3
DA:45,3
DA:46,3
DA:47,3
DA:57,0
DA:65,1
DA:73,1
DA:81,1
DA:89,4
DA:97,1
DA:105,1
DA:113,1
DA:121,1
DA:129,10
DA:137,1
DA:146,5
DA:147,3
DA:149,2
DA:153,1
LF:41
LH:39
BRDA:37,0,0,3
BRDA:37,0,1,0
BRDA:146,1,0,3
BRDA:146,1,1,2
BRDA:146,2,0,5
BRDA:146,2,1,5
BRF:6
BRH:5
end_of_record
TN:
SF:C:\xampp\htdocs\DAW\Segundo\Desarrollo_cliente\Actividad_3\buggy_code\app\data\team.js
FN:11,(anonymous_0)
FN:21,(anonymous_1)
FN:29,(anonymous_2)
FN:37,(anonymous_3)
FN:46,(anonymous_4)
FN:59,(anonymous_5)
FN:68,(anonymous_6)
FN:81,(anonymous_7)
FN:91,(anonymous_8)
FN:99,(anonymous_9)
FN:112,(anonymous_10)
FN:121,(anonymous_11)
FN:123,(anonymous_12)
FN:137,(anonymous_13)
FN:161,(anonymous_14)
FN:189,(anonymous_15)
FN:190,(anonymous_16)
FN:191,(anonymous_17)
FN:192,(anonymous_18)
FN:202,(anonymous_19)
FNF:20
FNH:8
FNDA:3,(anonymous_0)
FNDA:3,(anonymous_1)
FNDA:3,(anonymous_2)
FNDA:1,(anonymous_3)
FNDA:6,(anonymous_4)
FNDA:3,(anonymous_5)
FNDA:3,(anonymous_6)
FNDA:1,(anonymous_7)
FNDA:0,(anonymous_8)
FNDA:0,(anonymous_9)
FNDA:0,(anonymous_10)
FNDA:0,(anonymous_11)
FNDA:0,(anonymous_12)
FNDA:0,(anonymous_13)
FNDA:0,(anonymous_14)
FNDA:0,(anonymous_15)
FNDA:0,(anonymous_16)
FNDA:0,(anonymous_17)
FNDA:0,(anonymous_18)
FNDA:0,(anonymous_19)
DA:1,1
DA:12,3
DA:13,3
DA:14,3
DA:22,3
DA:30,3
DA:38,1
DA:47,6
DA:48,5
DA:49,3
DA:52,3
DA:60,3
DA:69,3
DA:70,3
DA:71,3
DA:72,3
DA:74,0
DA:82,1
DA:83,2
DA:92,0
DA:100,0
DA:101,0
DA:102,0
DA:114,0
DA:116,0
DA:117,0
DA:121,0
DA:123,0
DA:124,0
DA:127,0
DA:138,0
DA:139,0
DA:141,0
DA:142,0
DA:144,0
DA:145,0
DA:146,0
DA:147,0
DA:149,0
DA:163,0
DA:164,0
DA:165,0
DA:166,0
DA:167,0
DA:168,0
DA:169,0
DA:171,0
DA:172,0
DA:174,0
DA:175,0
DA:177,0
DA:178,0
DA:183,0
DA:184,0
DA:186,0
DA:188,0
DA:189,0
DA:190,0
DA:191,0
DA:192,0
DA:194,0
DA:196,0
DA:198,0
DA:200,0
DA:202,0
DA:204,0
DA:214,1
LF:67
LH:19
BRDA:48,0,0,3
BRDA:48,0,1,2
BRDA:69,1,0,3
BRDA:69,1,1,0
BRDA:116,2,0,0
BRDA:116,2,1,0
BRDA:123,3,0,0
BRDA:123,3,1,0
BRDA:138,4,0,0
BRDA:138,4,1,0
BRDA:168,5,0,0
BRDA:168,5,1,0
BRDA:171,6,0,0
BRDA:171,6,1,0
BRDA:174,7,0,0
BRDA:174,7,1,0
BRDA:177,8,0,0
BRDA:177,8,1,0
BRF:18
BRH:3
end_of_record
