TN:
SF:C:\xampp\htdocs\DAW\Segundo\Desarrollo_cliente\Actividad_3\buggy_code\app\data\dataset_utils.js
FN:81,isForward
FN:99,isBack
FN:117,isMidfielder
FN:141,isGoalKeeper
FNF:4
FNH:4
FNDA:12,isForward
FNDA:12,isBack
FNDA:24,isMidfielder
FNDA:12,isGoalKeeper
DA:4,1
DA:82,12
DA:88,4
DA:90,8
DA:100,12
DA:107,0
DA:109,12
DA:118,24
DA:131,24
DA:133,0
DA:142,12
DA:143,0
DA:144,12
DA:145,0
DA:147,12
DA:150,1
DA:151,1
DA:152,1
DA:153,1
DA:154,1
LF:20
LH:16
BRDA:82,0,0,4
BRDA:82,0,1,8
BRDA:82,1,0,12
BRDA:82,1,1,12
BRDA:82,1,2,12
BRDA:82,1,3,12
BRDA:82,1,4,8
BRDA:82,1,5,8
BRDA:100,2,0,0
BRDA:100,2,1,12
BRDA:100,3,0,12
BRDA:100,3,1,12
BRDA:100,3,2,12
BRDA:100,3,3,12
BRDA:100,3,4,12
BRDA:100,3,5,12
BRDA:100,3,6,12
BRDA:118,4,0,24
BRDA:118,4,1,0
BRDA:118,5,0,24
BRDA:118,5,1,24
BRDA:118,5,2,24
BRDA:118,5,3,24
BRDA:118,5,4,24
BRDA:118,5,5,24
BRDA:118,5,6,24
BRDA:118,5,7,24
BRDA:118,5,8,24
BRDA:118,5,9,24
BRDA:118,5,10,24
BRDA:118,5,11,24
BRDA:118,5,12,16
BRDA:142,6,0,0
BRDA:142,6,1,12
BRDA:144,7,0,0
BRDA:144,7,1,12
BRDA:144,8,0,12
BRDA:144,8,1,0
BRDA:144,8,2,0
BRF:39
BRH:33
end_of_record
TN:
SF:C:\xampp\htdocs\DAW\Segundo\Desarrollo_cliente\Actividad_3\buggy_code\app\data\json_reader.js
FN:11,extractDataFromRawJSON
FN:27,readJSONData
FNF:2
FNH:2
FNDA:4,extractDataFromRawJSON
FNDA:6,readJSONData
DA:1,1
DA:2,1
DA:3,1
DA:4,1
DA:12,4
DA:13,4
DA:14,12
DA:15,12
DA:16,12
DA:18,4
DA:28,6
DA:29,6
DA:30,6
DA:32,2
DA:33,1
DA:35,1
DA:37,4
DA:40,1
DA:41,1
LF:19
LH:19
BRDA:32,0,0,1
BRDA:32,0,1,1
BRF:2
BRH:2
end_of_record
TN:
SF:C:\xampp\htdocs\DAW\Segundo\Desarrollo_cliente\Actividad_3\buggy_code\app\data\player.js
FN:16,(anonymous_0)
FN:26,(anonymous_1)
FN:55,(anonymous_2)
FN:63,(anonymous_3)
FN:71,(anonymous_4)
FN:79,(anonymous_5)
FN:87,(anonymous_6)
FN:95,(anonymous_7)
FN:103,(anonymous_8)
FN:111,(anonymous_9)
FN:119,(anonymous_10)
FN:127,(anonymous_11)
FN:135,(anonymous_12)
FN:144,(anonymous_13)
FNF:14
FNH:13
FNDA:15,(anonymous_0)
FNDA:12,(anonymous_1)
FNDA:0,(anonymous_2)
FNDA:1,(anonymous_3)
FNDA:1,(anonymous_4)
FNDA:1,(anonymous_5)
FNDA:7,(anonymous_6)
FNDA:1,(anonymous_7)
FNDA:1,(anonymous_8)
FNDA:1,(anonymous_9)
FNDA:1,(anonymous_10)
FNDA:18,(anonymous_11)
FNDA:1,(anonymous_12)
FNDA:9,(anonymous_13)
DA:1,1
DA:2,1
DA:3,1
DA:4,1
DA:5,1
DA:6,1
DA:17,15
DA:27,12
DA:28,12
DA:29,12
DA:30,12
DA:31,12
DA:32,12
DA:33,12
DA:34,12
DA:35,12
DA:36,12
DA:37,12
DA:38,12
DA:40,0
DA:42,12
DA:43,12
DA:44,12
DA:45,12
DA:46,12
DA:47,12
DA:56,0
DA:64,1
DA:72,1
DA:80,1
DA:88,7
DA:96,1
DA:104,1
DA:112,1
DA:120,1
DA:128,18
DA:136,1
DA:145,9
DA:146,4
DA:148,5
DA:152,1
LF:41
LH:39
BRDA:37,0,0,12
BRDA:37,0,1,0
BRDA:145,1,0,4
BRDA:145,1,1,5
BRDA:145,2,0,9
BRDA:145,2,1,9
BRF:6
BRH:5
end_of_record
TN:
SF:C:\xampp\htdocs\DAW\Segundo\Desarrollo_cliente\Actividad_3\buggy_code\app\data\team.js
FN:13,(anonymous_0)
FN:23,(anonymous_1)
FN:31,(anonymous_2)
FN:39,(anonymous_3)
FN:48,(anonymous_4)
FN:61,(anonymous_5)
FN:70,(anonymous_6)
FN:83,(anonymous_7)
FN:93,(anonymous_8)
FN:107,(anonymous_9)
FN:120,(anonymous_10)
FN:129,(anonymous_11)
FN:131,(anonymous_12)
FN:145,(anonymous_13)
FN:169,(anonymous_14)
FN:197,(anonymous_15)
FN:198,(anonymous_16)
FN:199,(anonymous_17)
FN:200,(anonymous_18)
FN:210,(anonymous_19)
FNF:20
FNH:10
FNDA:4,(anonymous_0)
FNDA:3,(anonymous_1)
FNDA:3,(anonymous_2)
FNDA:1,(anonymous_3)
FNDA:9,(anonymous_4)
FNDA:4,(anonymous_5)
FNDA:6,(anonymous_6)
FNDA:2,(anonymous_7)
FNDA:1,(anonymous_8)
FNDA:1,(anonymous_9)
FNDA:0,(anonymous_10)
FNDA:0,(anonymous_11)
FNDA:0,(anonymous_12)
FNDA:0,(anonymous_13)
FNDA:0,(anonymous_14)
FNDA:0,(anonymous_15)
FNDA:0,(anonymous_16)
FNDA:0,(anonymous_17)
FNDA:0,(anonymous_18)
FNDA:0,(anonymous_19)
DA:1,1
DA:2,1
DA:3,1
DA:14,4
DA:15,4
DA:16,4
DA:24,3
DA:32,3
DA:40,1
DA:49,9
DA:50,8
DA:51,3
DA:54,6
DA:62,4
DA:71,6
DA:72,6
DA:73,6
DA:74,6
DA:76,0
DA:84,2
DA:85,5
DA:94,1
DA:95,1
DA:96,1
DA:97,1
DA:98,3
DA:100,1
DA:108,1
DA:109,1
DA:110,1
DA:122,0
DA:124,0
DA:125,0
DA:129,0
DA:131,0
DA:132,0
DA:135,0
DA:146,0
DA:147,0
DA:149,0
DA:150,0
DA:152,0
DA:153,0
DA:154,0
DA:155,0
DA:157,0
DA:171,0
DA:172,0
DA:173,0
DA:174,0
DA:175,0
DA:176,0
DA:177,0
DA:179,0
DA:180,0
DA:182,0
DA:183,0
DA:185,0
DA:186,0
DA:191,0
DA:192,0
DA:194,0
DA:196,0
DA:197,0
DA:198,0
DA:199,0
DA:200,0
DA:202,0
DA:204,0
DA:206,0
DA:208,0
DA:210,0
DA:212,0
DA:222,1
LF:74
LH:30
BRDA:50,0,0,3
BRDA:50,0,1,5
BRDA:71,1,0,6
BRDA:71,1,1,0
BRDA:124,2,0,0
BRDA:124,2,1,0
BRDA:131,3,0,0
BRDA:131,3,1,0
BRDA:146,4,0,0
BRDA:146,4,1,0
BRDA:176,5,0,0
BRDA:176,5,1,0
BRDA:179,6,0,0
BRDA:179,6,1,0
BRDA:182,7,0,0
BRDA:182,7,1,0
BRDA:185,8,0,0
BRDA:185,8,1,0
BRF:18
BRH:3
end_of_record
